#
# An unexpected error has been detected by Java Runtime Environment:
#
#  EXCEPTION_ACCESS_VIOLATION (0xc0000005) at pc=0x011b1f16, pid=2428, tid=1332
#
# Java VM: Java HotSpot(TM) Client VM (1.6.0_01-b06 mixed mode, sharing)
# Problematic frame:
# C  0x011b1f16
#
# If you would like to submit a bug report, please visit:
#   http://java.sun.com/webapps/bugreport/crash.jsp
#

---------------  T H R E A D  ---------------

Current thread (0x02b1c000):  JavaThread "AWT-EventQueue-0" [_thread_in_Java, id=1332]

siginfo: ExceptionCode=0xc0000005, reading address 0x011b1f16

Registers:
EAX=0x22e54188, EBX=0x22e40ea8, ECX=0x22e54188, EDX=0x229fdf28
ESP=0x02f7ea60, EBP=0x02f7eab8, ESI=0x00000000, EDI=0x22e54188
EIP=0x011b1f16, EFLAGS=0x00010246

Top of Stack: (sp=0x02f7ea60)
0x02f7ea60:   22a2b930 005ffb18 00000004 009ca0b4
0x02f7ea70:   6d887f35 02b1c000 02f7eab8 009cd19c
0x02f7ea80:   22ea2738 2b74c098 22e40ea8 22e54188
0x02f7ea90:   229fdf28 22e54188 02f7eab8 009d0f11
0x02f7eaa0:   00000000 00000001 229fe108 00000003
0x02f7eab0:   22ea2738 2b774948 02f7eaf8 009d154d
0x02f7eac0:   00000000 00000000 00000000 00000000
0x02f7ead0:   22ea78e0 02a4e536 02f7eb28 00a4e116 

Instructions: (pc=0x011b1f16)
0x011b1f06:   
[error occurred during error reporting, step 100, id 0xc0000005]

Stack: [0x02f30000,0x02f80000),  sp=0x02f7ea60,  free space=314k
Native frames: (J=compiled Java code, j=interpreted, Vv=VM code, C=native code)
C  0x011b1f16
J  javax.swing.JComponent.repaint(JIIII)V
J  java.awt.Component.repaint()V
J  javax.swing.JLabel.setText(Ljava/lang/String;)V
j  javax.swing.plaf.basic.BasicComboBoxRenderer.getListCellRendererComponent(Ljavax/swing/JList;Ljava/lang/Object;IZZ)Ljava/awt/Component;+80
j  javax.swing.plaf.basic.BasicComboBoxUI.getDisplaySize()Ljava/awt/Dimension;+143
j  javax.swing.plaf.metal.MetalComboBoxUI.getMinimumSize(Ljavax/swing/JComponent;)Ljava/awt/Dimension;+56
j  javax.swing.plaf.basic.BasicComboBoxUI.getPreferredSize(Ljavax/swing/JComponent;)Ljava/awt/Dimension;+2
J  javax.swing.JComponent.getPreferredSize()Ljava/awt/Dimension;
J  org.jdesktop.layout.GroupLayout$ComponentSpring.getPreferredSize1(I)I
J  org.jdesktop.layout.GroupLayout$ComponentSpring.getMinimumSize1(I)I
J  org.jdesktop.layout.GroupLayout$ComponentSpring.getMinimumSize0(I)I
J  org.jdesktop.layout.GroupLayout$ComponentSpring.getPreferredSize0(I)I
J  org.jdesktop.layout.GroupLayout$ComponentSpring.getBaseline()I
J  org.jdesktop.layout.GroupLayout$BaselineGroup.calculateBaseline()V
J  org.jdesktop.layout.GroupLayout$BaselineGroup.calculateSize(II)I
J  org.jdesktop.layout.GroupLayout$ParallelGroup.getMinimumSize0(I)I
J  org.jdesktop.layout.GroupLayout$Group.getSize(Lorg/jdesktop/layout/GroupLayout$Spring;II)I
J  org.jdesktop.layout.GroupLayout$Group.calculateSize(II)I
J  org.jdesktop.layout.GroupLayout$Group.getMinimumSize0(I)I
J  org.jdesktop.layout.GroupLayout$Group.getSize(Lorg/jdesktop/layout/GroupLayout$Spring;II)I
J  org.jdesktop.layout.GroupLayout$Group.calculateSize(II)I
J  org.jdesktop.layout.GroupLayout$ParallelGroup.getMinimumSize0(I)I
J  org.jdesktop.layout.GroupLayout$Group.getSize(Lorg/jdesktop/layout/GroupLayout$Spring;II)I
J  org.jdesktop.layout.GroupLayout$Group.calculateSize(II)I
J  org.jdesktop.layout.GroupLayout$Group.getMinimumSize0(I)I
J  org.jdesktop.layout.GroupLayout.resetAutopadding(Lorg/jdesktop/layout/GroupLayout$Group;IIII)V
j  org.jdesktop.layout.GroupLayout.prepare(I)V+46
j  org.jdesktop.layout.GroupLayout.minimumLayoutSize(Ljava/awt/Container;)Ljava/awt/Dimension;+7
j  java.awt.Container.minimumSize()Ljava/awt/Dimension;+43
J  javax.swing.JComponent.getMinimumSize()Ljava/awt/Dimension;
J  org.jdesktop.layout.GroupLayout$ComponentSpring.getMinimumSize1(I)I
J  org.jdesktop.layout.GroupLayout$ComponentSpring.getMinimumSize0(I)I
J  org.jdesktop.layout.GroupLayout$ComponentSpring.getPreferredSize0(I)I
J  org.jdesktop.layout.GroupLayout$Group.getSize(Lorg/jdesktop/layout/GroupLayout$Spring;II)I
J  org.jdesktop.layout.GroupLayout$Group.calculateSize(II)I
J  org.jdesktop.layout.GroupLayout$Group.getPreferredSize0(I)I
J  org.jdesktop.layout.GroupLayout$Group.getSize(Lorg/jdesktop/layout/GroupLayout$Spring;II)I
J  org.jdesktop.layout.GroupLayout$Group.calculateSize(II)I
J  org.jdesktop.layout.GroupLayout$Group.getPreferredSize0(I)I
J  org.jdesktop.layout.GroupLayout$Group.getSize(Lorg/jdesktop/layout/GroupLayout$Spring;II)I
J  org.jdesktop.layout.GroupLayout$Group.calculateSize(II)I
J  org.jdesktop.layout.GroupLayout$Group.getPreferredSize0(I)I
J  org.jdesktop.layout.GroupLayout$Group.getSize(Lorg/jdesktop/layout/GroupLayout$Spring;II)I
J  org.jdesktop.layout.GroupLayout$Group.calculateSize(II)I
J  org.jdesktop.layout.GroupLayout$Group.getPreferredSize0(I)I
J  org.jdesktop.layout.GroupLayout$SequentialGroup.setSize0(III)V
J  org.jdesktop.layout.GroupLayout$Group.setSize(III)V
J  org.jdesktop.layout.GroupLayout.resetAutopadding(Lorg/jdesktop/layout/GroupLayout$Group;IIII)V
J  org.jdesktop.layout.GroupLayout.layoutContainer(Ljava/awt/Container;)V
J  java.awt.Container.validateTree()V
J  java.awt.Container.validateTree()V
J  java.awt.Container.validateTree()V
J  java.awt.Container.validateTree()V
j  java.awt.Container.validate()V+61
j  java.awt.Window.dispatchEventImpl(Ljava/awt/AWTEvent;)V+14
j  java.awt.Component.dispatchEvent(Ljava/awt/AWTEvent;)V+2
j  java.awt.EventQueue.dispatchEvent(Ljava/awt/AWTEvent;)V+46
J  java.awt.EventDispatchThread.pumpOneEventForFilters(I)Z
j  java.awt.EventDispatchThread.pumpEventsForFilter(ILjava/awt/Conditional;Ljava/awt/EventFilter;)V+30
j  java.awt.EventDispatchThread.pumpEventsForHierarchy(ILjava/awt/Conditional;Ljava/awt/Component;)V+11
j  java.awt.EventDispatchThread.pumpEvents(ILjava/awt/Conditional;)V+4
j  java.awt.EventDispatchThread.pumpEvents(Ljava/awt/Conditional;)V+3
j  java.awt.EventDispatchThread.run()V+9
v  ~StubRoutines::call_stub


---------------  P R O C E S S  ---------------

Java Threads: ( => current thread )
=>0x02b1c000 JavaThread "AWT-EventQueue-0" [_thread_in_Java, id=1332]
  0x02ae5c00 JavaThread "AWT-Windows" daemon [_thread_in_native, id=1148]
  0x02ae5400 JavaThread "AWT-Shutdown" [_thread_blocked, id=2196]
  0x02ae3400 JavaThread "Java2D Disposer" daemon [_thread_blocked, id=2184]
  0x02a5cc00 JavaThread "Low Memory Detector" daemon [_thread_blocked, id=2160]
  0x02a58000 JavaThread "CompilerThread0" daemon [_thread_blocked, id=556]
  0x02a56c00 JavaThread "Attach Listener" daemon [_thread_blocked, id=872]
  0x02a56000 JavaThread "Signal Dispatcher" daemon [_thread_blocked, id=1248]
  0x02a51800 JavaThread "Finalizer" daemon [_thread_blocked, id=2120]
  0x02a4d000 JavaThread "Reference Handler" daemon [_thread_blocked, id=1184]
  0x00296000 JavaThread "main" [_thread_blocked, id=1712]

Other Threads:
  0x02a44000 VMThread [id=1920]
  0x02a77800 WatcherThread [id=2576]

VM state:not at safepoint (normal execution)

VM Mutex/Monitor currently owned by a thread: None

Heap
 def new generation   total 960K, used 933K [0x22960000, 0x22a60000, 0x22e40000)
  eden space 896K,  97% used [0x22960000, 0x22a39710, 0x22a40000)
  from space 64K, 100% used [0x22a50000, 0x22a60000, 0x22a60000)
  to   space 64K,   0% used [0x22a40000, 0x22a40000, 0x22a50000)
 tenured generation   total 7256K, used 4828K [0x22e40000, 0x23556000, 0x26960000)
   the space 7256K,  66% used [0x22e40000, 0x232f7168, 0x232f7200, 0x23556000)
 compacting perm gen  total 12288K, used 718K [0x26960000, 0x27560000, 0x2a960000)
   the space 12288K,   5% used [0x26960000, 0x26a13b28, 0x26a13c00, 0x27560000)
    ro space 8192K,  66% used [0x2a960000, 0x2aeac5d0, 0x2aeac600, 0x2b160000)
    rw space 12288K,  52% used [0x2b160000, 0x2b7a8c98, 0x2b7a8e00, 0x2bd60000)

Dynamic libraries:
0x00400000 - 0x00423000 	C:\Program Files\Java\jdk1.6.0_01\jre\bin\java.exe
0x7c900000 - 0x7c9b0000 	C:\WINDOWS\system32\ntdll.dll
0x7c800000 - 0x7c8f4000 	C:\WINDOWS\system32\kernel32.dll
0x77dd0000 - 0x77e6b000 	C:\WINDOWS\system32\ADVAPI32.dll
0x77e70000 - 0x77f01000 	C:\WINDOWS\system32\RPCRT4.dll
0x7c340000 - 0x7c396000 	C:\Program Files\Java\jdk1.6.0_01\jre\bin\msvcr71.dll
0x6d870000 - 0x6dab7000 	C:\Program Files\Java\jdk1.6.0_01\jre\bin\client\jvm.dll
0x77d40000 - 0x77dd0000 	C:\WINDOWS\system32\USER32.dll
0x77f10000 - 0x77f57000 	C:\WINDOWS\system32\GDI32.dll
0x76b40000 - 0x76b6d000 	C:\WINDOWS\system32\WINMM.dll
0x6d3c0000 - 0x6d3c8000 	C:\Program Files\Java\jdk1.6.0_01\jre\bin\hpi.dll
0x76bf0000 - 0x76bfb000 	C:\WINDOWS\system32\PSAPI.DLL
0x6d820000 - 0x6d82c000 	C:\Program Files\Java\jdk1.6.0_01\jre\bin\verify.dll
0x6d460000 - 0x6d47f000 	C:\Program Files\Java\jdk1.6.0_01\jre\bin\java.dll
0x6d860000 - 0x6d86f000 	C:\Program Files\Java\jdk1.6.0_01\jre\bin\zip.dll
0x6d0b0000 - 0x6d273000 	C:\Program Files\Java\jdk1.6.0_01\jre\bin\awt.dll
0x73000000 - 0x73026000 	C:\WINDOWS\system32\WINSPOOL.DRV
0x77c10000 - 0x77c68000 	C:\WINDOWS\system32\msvcrt.dll
0x76390000 - 0x763ad000 	C:\WINDOWS\system32\IMM32.dll
0x774e0000 - 0x7761d000 	C:\WINDOWS\system32\ole32.dll
0x73760000 - 0x737a9000 	C:\WINDOWS\system32\ddraw.dll
0x73bc0000 - 0x73bc6000 	C:\WINDOWS\system32\DCIMAN32.dll
0x6d360000 - 0x6d3b3000 	C:\Program Files\Java\jdk1.6.0_01\jre\bin\fontmanager.dll
0x74720000 - 0x7476b000 	C:\WINDOWS\system32\MSCTF.dll
0x10000000 - 0x10007000 	C:\Program Files\Logitech\MouseWare\System\LgWndHk.dll
0x7c9c0000 - 0x7d1d5000 	C:\WINDOWS\system32\shell32.dll
0x77f60000 - 0x77fd6000 	C:\WINDOWS\system32\SHLWAPI.dll
0x773d0000 - 0x774d2000 	C:\WINDOWS\WinSxS\x86_Microsoft.Windows.Common-Controls_6595b64144ccf1df_6.0.2600.2180_x-ww_a84f1ff9\comctl32.dll
0x5d090000 - 0x5d127000 	C:\WINDOWS\system32\comctl32.dll
0x02f80000 - 0x02f87000 	C:\Program Files\Logitech\iTouch\iTchHk.dll
0x6d620000 - 0x6d633000 	C:\Program Files\Java\jdk1.6.0_01\jre\bin\net.dll
0x71ab0000 - 0x71ac7000 	C:\WINDOWS\system32\WS2_32.dll
0x71aa0000 - 0x71aa8000 	C:\WINDOWS\system32\WS2HELP.dll
0x71a50000 - 0x71a8f000 	C:\WINDOWS\system32\mswsock.dll
0x662b0000 - 0x66308000 	C:\WINDOWS\system32\hnetcfg.dll
0x58d40000 - 0x58d47000 	C:\WINDOWS\System32\wship6.dll
0x6d640000 - 0x6d649000 	C:\Program Files\Java\jdk1.6.0_01\jre\bin\nio.dll

VM Arguments:
java_command: my.PSM.ApplicationLogic
Launcher Type: SUN_STANDARD

Environment Variables:
CLASSPATH=.;C:\Program Files\Java\jre1.5.0_09\lib\ext\QTJava.zip
PATH=C:\WINDOWS\system32;C:\WINDOWS;C:\WINDOWS\System32\Wbem;C:\3dsMax5\backburner2\;C:\Program Files\Common Files\Autodesk Shared\;c:\altera\61\quartus\bin;C:\Program Files\QuickTime\QTSystem\;C:\Program Files\MySQL\MySQL Server 5.0\bin;C:\Program Files\SSH Communications Security\SSH Secure Shell
USERNAME=Luis
OS=Windows_NT
PROCESSOR_IDENTIFIER=x86 Family 15 Model 2 Stepping 7, GenuineIntel



---------------  S Y S T E M  ---------------

OS: Windows XP Build 2600 Service Pack 2

CPU:total 1 family 15, cmov, cx8, fxsr, mmx, sse, sse2

Memory: 4k page, physical 523056k(80008k free), swap 1277196k(724832k free)

vm_info: Java HotSpot(TM) Client VM (1.6.0_01-b06) for windows-x86, built on Mar 14 2007 00:24:02 by "java_re" with unknown MS VC++:1310

