#
# An unexpected error has been detected by Java Runtime Environment:
#
#  EXCEPTION_ACCESS_VIOLATION (0xc0000005) at pc=0x6d8ed7f5, pid=3376, tid=3792
#
# Java VM: Java HotSpot(TM) Client VM (1.6.0_01-b06 mixed mode, sharing)
# Problematic frame:
# V  [jvm.dll+0x7d7f5]
#
# If you would like to submit a bug report, please visit:
#   http://java.sun.com/webapps/bugreport/crash.jsp
#

---------------  T H R E A D  ---------------

Current thread (0x02a44000):  VMThread [id=3792]

siginfo: ExceptionCode=0xc0000005, reading address 0x0c402b85

Registers:
EAX=0x00000000, EBX=0x23b56b34, ECX=0x30880000, EDX=0x0c402b25
ESP=0x02b7fb80, EBP=0x2b589768, ESI=0x30880000, EDI=0x23b1cc9a
EIP=0x6d8ed7f5, EFLAGS=0x00010293

Top of Stack: (sp=0x02b7fb80)
0x02b7fb80:   6d9a6810 23b1cc9a 2b589764 23b56b30
0x02b7fb90:   6d918458 00000003 00299b60 000000fe
0x02b7fba0:   23b56b18 22e40000 6d9a67e8 23b56b18
0x02b7fbb0:   23b4fd74 23b4fd70 6d9b3e7b 00000003
0x02b7fbc0:   6da76b3c 6da76b3c 6d9a64aa 23b4fd58
0x02b7fbd0:   6d9a68aa 00000003 6da11502 6da90f28
0x02b7fbe0:   6da76b3c 00299b60 00299b60 6d9db03a
0x02b7fbf0:   6da76b3c 00000000 6da76b3c 6da76b3c 

Instructions: (pc=0x6d8ed7f5)
0x6d8ed7e5:   00 83 e0 07 83 f8 05 74 1f 8b 54 24 04 8b 52 04
0x6d8ed7f5:   8b 52 60 83 e2 07 80 fa 05 74 12 83 f8 01 75 0d 


Stack: [0x02b30000,0x02b80000),  sp=0x02b7fb80,  free space=318k
Native frames: (J=compiled Java code, j=interpreted, Vv=VM code, C=native code)
V  [jvm.dll+0x7d7f5]

VM_Operation (0x00908880): generation collection for allocation, mode: safepoint, requested by thread 0x00296000


---------------  P R O C E S S  ---------------

Java Threads: ( => current thread )
  0x0327e400 JavaThread "AWT-EventQueue-0" [_thread_blocked, id=2900]
  0x02b1c000 JavaThread "AWT-EventQueue-0" [_thread_in_native, id=3080]
  0x02ae5c00 JavaThread "AWT-Windows" daemon [_thread_in_native, id=3896]
  0x02ae5400 JavaThread "AWT-Shutdown" [_thread_blocked, id=1596]
  0x02ae3400 JavaThread "Java2D Disposer" daemon [_thread_blocked, id=2640]
  0x02a5cc00 JavaThread "Low Memory Detector" daemon [_thread_blocked, id=4020]
  0x02a58000 JavaThread "CompilerThread0" daemon [_thread_blocked, id=3160]
  0x02a56c00 JavaThread "Attach Listener" daemon [_thread_blocked, id=2928]
  0x02a56000 JavaThread "Signal Dispatcher" daemon [_thread_blocked, id=3892]
  0x02a51800 JavaThread "Finalizer" daemon [_thread_blocked, id=1368]
  0x02a4d000 JavaThread "Reference Handler" daemon [_thread_blocked, id=3956]
  0x00296000 JavaThread "main" [_thread_blocked, id=3992]

Other Threads:
=>0x02a44000 VMThread [id=3792]
  0x02a77800 WatcherThread [id=3948]

VM state:at safepoint (normal execution)

VM Mutex/Monitor currently owned by a thread:  ([mutex/lock_event])
[0x00294d70/0x00002714] Threads_lock - owner thread: 0x02a44000
[0x00294f10/0x000026d4] Heap_lock - owner thread: 0x00296000

Heap
 def new generation   total 4544K, used 4543K [0x22960000, 0x22e40000, 0x22e40000)
  eden space 4096K, 100% used [0x22960000, 0x22d60000, 0x22d60000)
  from space 448K,  99% used [0x22dd0000, 0x22e3fff8, 0x22e40000)
  to   space 448K,   0% used [0x22d60000, 0x22d60000, 0x22dd0000)
 tenured generation   total 60544K, used 60544K [0x22e40000, 0x26960000, 0x26960000)
   the space 60544K, 100% used [0x22e40000, 0x26960000, 0x26960000, 0x26960000)
 compacting perm gen  total 12288K, used 675K [0x26960000, 0x27560000, 0x2a960000)
   the space 12288K,   5% used [0x26960000, 0x26a08c48, 0x26a08e00, 0x27560000)
    ro space 8192K,  66% used [0x2a960000, 0x2aeac5d0, 0x2aeac600, 0x2b160000)
    rw space 12288K,  52% used [0x2b160000, 0x2b7a8c98, 0x2b7a8e00, 0x2bd60000)

Dynamic libraries:
0x00400000 - 0x00423000 	C:\Program Files\Java\jdk1.6.0_01\jre\bin\java.exe
0x7c900000 - 0x7c9b0000 	C:\WINDOWS\system32\ntdll.dll
0x7c800000 - 0x7c8f4000 	C:\WINDOWS\system32\kernel32.dll
0x77dd0000 - 0x77e6b000 	C:\WINDOWS\system32\ADVAPI32.dll
0x77e70000 - 0x77f01000 	C:\WINDOWS\system32\RPCRT4.dll
0x7c340000 - 0x7c396000 	C:\Program Files\Java\jdk1.6.0_01\jre\bin\msvcr71.dll
0x6d870000 - 0x6dab7000 	C:\Program Files\Java\jdk1.6.0_01\jre\bin\client\jvm.dll
0x77d40000 - 0x77dd0000 	C:\WINDOWS\system32\USER32.dll
0x77f10000 - 0x77f57000 	C:\WINDOWS\system32\GDI32.dll
0x76b40000 - 0x76b6d000 	C:\WINDOWS\system32\WINMM.dll
0x6d3c0000 - 0x6d3c8000 	C:\Program Files\Java\jdk1.6.0_01\jre\bin\hpi.dll
0x76bf0000 - 0x76bfb000 	C:\WINDOWS\system32\PSAPI.DLL
0x6d820000 - 0x6d82c000 	C:\Program Files\Java\jdk1.6.0_01\jre\bin\verify.dll
0x6d460000 - 0x6d47f000 	C:\Program Files\Java\jdk1.6.0_01\jre\bin\java.dll
0x6d860000 - 0x6d86f000 	C:\Program Files\Java\jdk1.6.0_01\jre\bin\zip.dll
0x6d0b0000 - 0x6d273000 	C:\Program Files\Java\jdk1.6.0_01\jre\bin\awt.dll
0x73000000 - 0x73026000 	C:\WINDOWS\system32\WINSPOOL.DRV
0x77c10000 - 0x77c68000 	C:\WINDOWS\system32\msvcrt.dll
0x76390000 - 0x763ad000 	C:\WINDOWS\system32\IMM32.dll
0x774e0000 - 0x7761d000 	C:\WINDOWS\system32\ole32.dll
0x73760000 - 0x737a9000 	C:\WINDOWS\system32\ddraw.dll
0x73bc0000 - 0x73bc6000 	C:\WINDOWS\system32\DCIMAN32.dll
0x6d360000 - 0x6d3b3000 	C:\Program Files\Java\jdk1.6.0_01\jre\bin\fontmanager.dll
0x74720000 - 0x7476b000 	C:\WINDOWS\system32\MSCTF.dll
0x10000000 - 0x10007000 	C:\Program Files\Logitech\MouseWare\System\LgWndHk.dll
0x7c9c0000 - 0x7d1d5000 	C:\WINDOWS\system32\shell32.dll
0x77f60000 - 0x77fd6000 	C:\WINDOWS\system32\SHLWAPI.dll
0x773d0000 - 0x774d2000 	C:\WINDOWS\WinSxS\x86_Microsoft.Windows.Common-Controls_6595b64144ccf1df_6.0.2600.2180_x-ww_a84f1ff9\comctl32.dll
0x5d090000 - 0x5d127000 	C:\WINDOWS\system32\comctl32.dll
0x02f80000 - 0x02f87000 	C:\Program Files\Logitech\iTouch\iTchHk.dll
0x6d620000 - 0x6d633000 	C:\Program Files\Java\jdk1.6.0_01\jre\bin\net.dll
0x71ab0000 - 0x71ac7000 	C:\WINDOWS\system32\WS2_32.dll
0x71aa0000 - 0x71aa8000 	C:\WINDOWS\system32\WS2HELP.dll
0x71a50000 - 0x71a8f000 	C:\WINDOWS\system32\mswsock.dll
0x662b0000 - 0x66308000 	C:\WINDOWS\system32\hnetcfg.dll
0x58d40000 - 0x58d47000 	C:\WINDOWS\System32\wship6.dll
0x6d640000 - 0x6d649000 	C:\Program Files\Java\jdk1.6.0_01\jre\bin\nio.dll

VM Arguments:
java_command: my.PSM.ApplicationLogic
Launcher Type: SUN_STANDARD

Environment Variables:
CLASSPATH=.;C:\Program Files\Java\jre1.5.0_09\lib\ext\QTJava.zip
PATH=C:\WINDOWS\system32;C:\WINDOWS;C:\WINDOWS\System32\Wbem;C:\3dsMax5\backburner2\;C:\Program Files\Common Files\Autodesk Shared\;c:\altera\61\quartus\bin;C:\Program Files\QuickTime\QTSystem\;C:\Program Files\MySQL\MySQL Server 5.0\bin;C:\Program Files\SSH Communications Security\SSH Secure Shell
USERNAME=Luis
OS=Windows_NT
PROCESSOR_IDENTIFIER=x86 Family 15 Model 2 Stepping 7, GenuineIntel



---------------  S Y S T E M  ---------------

OS: Windows XP Build 2600 Service Pack 2

CPU:total 1 family 15, cmov, cx8, fxsr, mmx, sse, sse2

Memory: 4k page, physical 523056k(20816k free), swap 1277196k(665032k free)

vm_info: Java HotSpot(TM) Client VM (1.6.0_01-b06) for windows-x86, built on Mar 14 2007 00:24:02 by "java_re" with unknown MS VC++:1310

