#
# An unexpected error has been detected by Java Runtime Environment:
#
#  EXCEPTION_ACCESS_VIOLATION (0xc0000005) at pc=0x6d91b78d, pid=2092, tid=2328
#
# Java VM: Java HotSpot(TM) Client VM (1.6.0_01-b06 mixed mode, sharing)
# Problematic frame:
# V  [jvm.dll+0xab78d]
#
# If you would like to submit a bug report, please visit:
#   http://java.sun.com/webapps/bugreport/crash.jsp
#

---------------  T H R E A D  ---------------

Current thread (0x02a44000):  VMThread [id=2328]

siginfo: ExceptionCode=0xc0000005, reading address 0x00000400

Registers:
EAX=0x00000001, EBX=0x24f233f8, ECX=0x24f23400, EDX=0x00000400
ESP=0x02b7f9cc, EBP=0x2b4d0860, ESI=0x2b4d085c, EDI=0x24f23410
EIP=0x6d91b78d, EFLAGS=0x00010202

Top of Stack: (sp=0x02b7f9cc)
0x02b7f9cc:   2695fff8 24f233f8 2695fff8 0029a5b8
0x02b7f9dc:   0000000a 6d9e7bff 24f233f8 02b7fa40
0x02b7f9ec:   00299bb4 22e40000 00000002 6d911e39
0x02b7f9fc:   6d911ed1 0029a5b8 6d912235 02b7fa10
0x02b7fa0c:   00000001 6da4cf4c 6d90df6c 6d90c0f9
0x02b7fa1c:   0029a4a8 0029ac48 00299b60 00000001
0x02b7fa2c:   6d90e329 02b7fa40 00000001 0029a4a8
0x02b7fa3c:   00299b60 6da4ca48 26010100 00010100 

Instructions: (pc=0x6d91b78d)
0x6d91b77d:   cf 73 2c 8b 11 85 d2 74 1b a0 96 35 a7 6d 84 c0
0x6d91b78d:   8b 12 74 09 8b c2 83 e0 07 3c 05 74 07 83 e2 fc 


Stack: [0x02b30000,0x02b80000),  sp=0x02b7f9cc,  free space=318k
Native frames: (J=compiled Java code, j=interpreted, Vv=VM code, C=native code)
V  [jvm.dll+0xab78d]

VM_Operation (0x02f7eda8): generation collection for allocation, mode: safepoint, requested by thread 0x02b1c000


---------------  P R O C E S S  ---------------

Java Threads: ( => current thread )
  0x02b1c000 JavaThread "AWT-EventQueue-0" [_thread_blocked, id=1084]
  0x02ae5c00 JavaThread "AWT-Windows" daemon [_thread_in_native, id=2380]
  0x02ae5400 JavaThread "AWT-Shutdown" [_thread_blocked, id=2376]
  0x02ae3400 JavaThread "Java2D Disposer" daemon [_thread_blocked, id=2164]
  0x02a5cc00 JavaThread "Low Memory Detector" daemon [_thread_blocked, id=2352]
  0x02a58000 JavaThread "CompilerThread0" daemon [_thread_blocked, id=2348]
  0x02a56c00 JavaThread "Attach Listener" daemon [_thread_blocked, id=2344]
  0x02a56000 JavaThread "Signal Dispatcher" daemon [_thread_blocked, id=2340]
  0x02a51800 JavaThread "Finalizer" daemon [_thread_blocked, id=2336]
  0x02a4d000 JavaThread "Reference Handler" daemon [_thread_blocked, id=2332]
  0x00296000 JavaThread "main" [_thread_blocked, id=2324]

Other Threads:
=>0x02a44000 VMThread [id=2328]
  0x02a77800 WatcherThread [id=2168]

VM state:at safepoint (normal execution)

VM Mutex/Monitor currently owned by a thread:  ([mutex/lock_event])
[0x00294d70/0x00001f08] Threads_lock - owner thread: 0x02a44000
[0x00294f10/0x00001ec8] Heap_lock - owner thread: 0x02b1c000

Heap
 def new generation   total 4544K, used 4543K [0x22960000, 0x22e40000, 0x22e40000)
  eden space 4096K, 100% used [0x22960000, 0x22d60000, 0x22d60000)
  from space 448K,  99% used [0x22dd0000, 0x22e3fff0, 0x22e40000)
  to   space 448K,   0% used [0x22d60000, 0x22d60000, 0x22dd0000)
 tenured generation   total 60544K, used 60543K [0x22e40000, 0x26960000, 0x26960000)
   the space 60544K,  99% used [0x22e40000, 0x2695fff8, 0x26960000, 0x26960000)
 compacting perm gen  total 12288K, used 672K [0x26960000, 0x27560000, 0x2a960000)
   the space 12288K,   5% used [0x26960000, 0x26a08228, 0x26a08400, 0x27560000)
    ro space 8192K,  66% used [0x2a960000, 0x2aeac5d0, 0x2aeac600, 0x2b160000)
    rw space 12288K,  52% used [0x2b160000, 0x2b7a8c98, 0x2b7a8e00, 0x2bd60000)

Dynamic libraries:
0x00400000 - 0x00423000 	C:\Program Files\Java\jdk1.6.0_01\jre\bin\java.exe
0x7c900000 - 0x7c9b0000 	C:\WINDOWS\system32\ntdll.dll
0x7c800000 - 0x7c8f4000 	C:\WINDOWS\system32\kernel32.dll
0x77dd0000 - 0x77e6b000 	C:\WINDOWS\system32\ADVAPI32.dll
0x77e70000 - 0x77f01000 	C:\WINDOWS\system32\RPCRT4.dll
0x7c340000 - 0x7c396000 	C:\Program Files\Java\jdk1.6.0_01\jre\bin\msvcr71.dll
0x6d870000 - 0x6dab7000 	C:\Program Files\Java\jdk1.6.0_01\jre\bin\client\jvm.dll
0x77d40000 - 0x77dd0000 	C:\WINDOWS\system32\USER32.dll
0x77f10000 - 0x77f57000 	C:\WINDOWS\system32\GDI32.dll
0x76b40000 - 0x76b6d000 	C:\WINDOWS\system32\WINMM.dll
0x6d3c0000 - 0x6d3c8000 	C:\Program Files\Java\jdk1.6.0_01\jre\bin\hpi.dll
0x76bf0000 - 0x76bfb000 	C:\WINDOWS\system32\PSAPI.DLL
0x6d820000 - 0x6d82c000 	C:\Program Files\Java\jdk1.6.0_01\jre\bin\verify.dll
0x6d460000 - 0x6d47f000 	C:\Program Files\Java\jdk1.6.0_01\jre\bin\java.dll
0x6d860000 - 0x6d86f000 	C:\Program Files\Java\jdk1.6.0_01\jre\bin\zip.dll
0x6d0b0000 - 0x6d273000 	C:\Program Files\Java\jdk1.6.0_01\jre\bin\awt.dll
0x73000000 - 0x73026000 	C:\WINDOWS\system32\WINSPOOL.DRV
0x77c10000 - 0x77c68000 	C:\WINDOWS\system32\msvcrt.dll
0x76390000 - 0x763ad000 	C:\WINDOWS\system32\IMM32.dll
0x774e0000 - 0x7761d000 	C:\WINDOWS\system32\ole32.dll
0x73760000 - 0x737a9000 	C:\WINDOWS\system32\ddraw.dll
0x73bc0000 - 0x73bc6000 	C:\WINDOWS\system32\DCIMAN32.dll
0x6d360000 - 0x6d3b3000 	C:\Program Files\Java\jdk1.6.0_01\jre\bin\fontmanager.dll
0x74720000 - 0x7476b000 	C:\WINDOWS\system32\MSCTF.dll
0x10000000 - 0x10007000 	C:\Program Files\Logitech\MouseWare\System\LgWndHk.dll
0x7c9c0000 - 0x7d1d5000 	C:\WINDOWS\system32\shell32.dll
0x77f60000 - 0x77fd6000 	C:\WINDOWS\system32\SHLWAPI.dll
0x773d0000 - 0x774d2000 	C:\WINDOWS\WinSxS\x86_Microsoft.Windows.Common-Controls_6595b64144ccf1df_6.0.2600.2180_x-ww_a84f1ff9\comctl32.dll
0x5d090000 - 0x5d127000 	C:\WINDOWS\system32\comctl32.dll
0x02f80000 - 0x02f87000 	C:\Program Files\Logitech\iTouch\iTchHk.dll
0x6d620000 - 0x6d633000 	C:\Program Files\Java\jdk1.6.0_01\jre\bin\net.dll
0x71ab0000 - 0x71ac7000 	C:\WINDOWS\system32\WS2_32.dll
0x71aa0000 - 0x71aa8000 	C:\WINDOWS\system32\WS2HELP.dll
0x71a50000 - 0x71a8f000 	C:\WINDOWS\system32\mswsock.dll
0x662b0000 - 0x66308000 	C:\WINDOWS\system32\hnetcfg.dll
0x58d40000 - 0x58d47000 	C:\WINDOWS\System32\wship6.dll
0x6d640000 - 0x6d649000 	C:\Program Files\Java\jdk1.6.0_01\jre\bin\nio.dll

VM Arguments:
java_command: my.PSM.ApplicationLogic
Launcher Type: SUN_STANDARD

Environment Variables:
CLASSPATH=.;C:\Program Files\Java\jre1.5.0_09\lib\ext\QTJava.zip
PATH=C:\WINDOWS\system32;C:\WINDOWS;C:\WINDOWS\System32\Wbem;C:\3dsMax5\backburner2\;C:\Program Files\Common Files\Autodesk Shared\;c:\altera\61\quartus\bin;C:\Program Files\QuickTime\QTSystem\;C:\Program Files\MySQL\MySQL Server 5.0\bin;C:\Program Files\SSH Communications Security\SSH Secure Shell
USERNAME=Luis
OS=Windows_NT
PROCESSOR_IDENTIFIER=x86 Family 15 Model 2 Stepping 7, GenuineIntel



---------------  S Y S T E M  ---------------

OS: Windows XP Build 2600 Service Pack 2

CPU:total 1 family 15, cmov, cx8, fxsr, mmx, sse, sse2

Memory: 4k page, physical 523056k(9208k free), swap 1277196k(786404k free)

vm_info: Java HotSpot(TM) Client VM (1.6.0_01-b06) for windows-x86, built on Mar 14 2007 00:24:02 by "java_re" with unknown MS VC++:1310

